<?xml version="1.0" encoding="UTF-8"?>
<!-- Generated by org.testng.reporters.JUnitReportReporter -->
<testsuite hostname="Mayank-PL" failures="0" tests="1" name="Testcases.OraneHRM.Jobs" time="70.273" errors="0" timestamp="2024-03-03T19:23:36 IST" skipped="0">
  <testcase classname="Testcases.OraneHRM.Jobs" name="LoginTest" time="70.273"/>
</testsuite> <!-- Testcases.OraneHRM.Jobs -->
