<?xml version="1.0" encoding="UTF-8"?>
<!-- Generated by org.testng.reporters.JUnitReportReporter -->
<testsuite hostname="Mayank-PL" failures="0" tests="1" name="Testcases.OraneHRM.Attachments" time="31.764" errors="0" timestamp="2024-03-03T18:59:46 IST" skipped="0">
  <testcase classname="Testcases.OraneHRM.Attachments" name="LoginTest" time="31.764"/>
</testsuite> <!-- Testcases.OraneHRM.Attachments -->
