<?xml version="1.0" encoding="UTF-8"?>
<!-- Generated by org.testng.reporters.JUnitReportReporter -->
<testsuite hostname="Mayank-PL" failures="0" tests="1" name="Testcases.OraneHRM.Login" time="16.924" errors="0" timestamp="2024-03-01T00:35:57 IST" skipped="0">
  <testcase classname="Testcases.OraneHRM.Login" name="LoginTest" time="16.924"/>
</testsuite> <!-- Testcases.OraneHRM.Login -->
