<?xml version="1.0" encoding="UTF-8"?>
<!-- Generated by org.testng.reporters.JUnitReportReporter -->
<testsuite hostname="Mayank-PL" failures="0" tests="1" name="Testcases.OraneHRM.Attachments" time="16.839" errors="0" timestamp="2024-03-03T18:12:58 IST" skipped="0">
  <testcase classname="Testcases.OraneHRM.Attachments" name="LoginTest" time="16.839"/>
</testsuite> <!-- Testcases.OraneHRM.Attachments -->
