<?xml version="1.0" encoding="UTF-8"?>
<!-- Generated by org.testng.reporters.JUnitReportReporter -->
<testsuite hostname="Mayank-PL" failures="0" tests="1" name="Testcases.OraneHRM.Login" time="17.171" errors="0" timestamp="2024-03-03T18:12:27 IST" skipped="0">
  <testcase classname="Testcases.OraneHRM.Login" name="LoginTest" time="17.171"/>
</testsuite> <!-- Testcases.OraneHRM.Login -->
