<?xml version="1.0" encoding="UTF-8"?>
<!-- Generated by org.testng.reporters.JUnitReportReporter -->
<testsuite hostname="Mayank-PL" failures="0" tests="1" name="Testcases.OraneHRM.Immigration" time="36.753" errors="0" timestamp="2024-03-01T00:13:20 IST" skipped="0">
  <testcase classname="Testcases.OraneHRM.Immigration" name="LoginTest" time="36.753"/>
</testsuite> <!-- Testcases.OraneHRM.Immigration -->
