<?xml version="1.0" encoding="UTF-8"?>
<!-- Generated by org.testng.reporters.JUnitReportReporter -->
<testsuite hostname="Mayank-PL" failures="0" tests="1" name="Testcases.OraneHRM.Immigration" time="42.777" errors="0" timestamp="2024-03-03T18:33:54 IST" skipped="0">
  <testcase classname="Testcases.OraneHRM.Immigration" name="LoginTest" time="42.777"/>
</testsuite> <!-- Testcases.OraneHRM.Immigration -->
